<?xml version="1.0" encoding="UTF-8"?>
<!-- Generated by org.testng.reporters.JUnitXMLReporter -->
<testsuite ignored="13" hostname="MonikaYuvaraj" failures="0" tests="5" name="SmokeTests" time="13.949" errors="0" timestamp="2025-12-18T13:58:41 IST">
  <testcase classname="com.Bstackdemo.tests.TC0001LoginTests" name="login_with_valid_credentials" time="2.132"/>
  <testcase classname="com.Bstackdemo.tests.TC006_PurchaseFlow" name="purchaseSingleProduct" time="3.623"/>
  <testcase classname="com.Bstackdemo.tests.TC004_BrandFilter" name="selectsingleBrand" time="3.391"/>
  <testcase classname="com.Bstackdemo.tests.TC005_HeaderNAvigation" name="testHeaderNavigation" time="3.522"/>
  <testcase classname="com.Bstackdemo.tests.TC002_AddtoCart" name="addtCartSingleProduct" time="3.32"/>
  <testcase classname="com.Bstackdemo.tests.TC003_FavouritesTest" name="removefavfromPage" time="0.0">
    <ignored/>
  </testcase> <!-- removefavfromPage -->
  <testcase classname="com.Bstackdemo.tests.TC003_FavouritesTest" name="addproductToFav" time="0.0">
    <ignored/>
  </testcase> <!-- addproductToFav -->
  <testcase classname="com.Bstackdemo.tests.TC0001LoginTests" name="logoutFunctionality" time="0.0">
    <ignored/>
  </testcase> <!-- logoutFunctionality -->
  <testcase classname="com.Bstackdemo.tests.TC006_PurchaseFlow" name="purchaseFromFavorites" time="0.0">
    <ignored/>
  </testcase> <!-- purchaseFromFavorites -->
  <testcase classname="com.Bstackdemo.tests.TC004_BrandFilter" name="unselectsingleBrand" time="0.0">
    <ignored/>
  </testcase> <!-- unselectsingleBrand -->
  <testcase classname="com.Bstackdemo.tests.TC003_FavouritesTest" name="verifyFavouriteProductDisplayed" time="0.0">
    <ignored/>
  </testcase> <!-- verifyFavouriteProductDisplayed -->
  <testcase classname="com.Bstackdemo.tests.TC006_PurchaseFlow" name="purchaseMultipleProducts" time="0.0">
    <ignored/>
  </testcase> <!-- purchaseMultipleProducts -->
  <testcase classname="com.Bstackdemo.tests.TC0001LoginTests" name="accesswithoutLogin" time="0.0">
    <ignored/>
  </testcase> <!-- accesswithoutLogin -->
  <testcase classname="com.Bstackdemo.tests.TC006_PurchaseFlow" name="purchaseAfterFilter" time="0.0">
    <ignored/>
  </testcase> <!-- purchaseAfterFilter -->
  <testcase classname="com.Bstackdemo.tests.TC002_AddtoCart" name="addtCartMultipleProduct" time="0.0">
    <ignored/>
  </testcase> <!-- addtCartMultipleProduct -->
  <testcase classname="com.Bstackdemo.tests.TC006_PurchaseFlow" name="searchAndOrderProduct" time="0.0">
    <ignored/>
  </testcase> <!-- searchAndOrderProduct -->
  <testcase classname="com.Bstackdemo.tests.TC002_AddtoCart" name="removeProductCart" time="0.0">
    <ignored/>
  </testcase> <!-- removeProductCart -->
  <testcase classname="com.Bstackdemo.tests.TC004_BrandFilter" name="selectmultipleBrand" time="0.0">
    <ignored/>
  </testcase> <!-- selectmultipleBrand -->
</testsuite> <!-- SmokeTests -->
