<?xml version="1.0" encoding="UTF-8"?>
<!-- Generated by org.testng.reporters.JUnitXMLReporter -->
<testsuite ignored="0" hostname="MonikaYuvaraj" failures="0" tests="18" name="AllTests" time="45.726" errors="0" timestamp="2025-12-18T16:43:03 IST">
  <testcase classname="com.Bstackdemo.tests.TC004_BrandFilter" name="selectsingleBrand" time="7.206"/>
  <testcase classname="com.Bstackdemo.tests.TC0001LoginTests" name="login_with_valid_credentials" time="1.959"/>
  <testcase classname="com.Bstackdemo.tests.TC004_BrandFilter" name="selectmultipleBrand" time="4.951"/>
  <testcase classname="com.Bstackdemo.tests.TC002_AddtoCart" name="addtCartSingleProduct" time="4.702"/>
  <testcase classname="com.Bstackdemo.tests.TC0001LoginTests" name="logoutFunctionality" time="0.607"/>
  <testcase classname="com.Bstackdemo.tests.TC003_FavouritesTest" name="addproductToFav" time="14.164"/>
  <testcase classname="com.Bstackdemo.tests.TC0001LoginTests" name="accesswithoutLogin" time="1.318"/>
  <testcase classname="com.Bstackdemo.tests.TC006_PurchaseFlow" name="purchaseSingleProduct" time="6.997"/>
  <testcase classname="com.Bstackdemo.tests.TC002_AddtoCart" name="addtCartMultipleProduct" time="4.593"/>
  <testcase classname="com.Bstackdemo.tests.TC004_BrandFilter" name="unselectsingleBrand" time="4.048"/>
  <testcase classname="com.Bstackdemo.tests.TC003_FavouritesTest" name="verifyFavouriteProductDisplayed" time="1.041"/>
  <testcase classname="com.Bstackdemo.tests.TC002_AddtoCart" name="removeProductCart" time="4.816"/>
  <testcase classname="com.Bstackdemo.tests.TC006_PurchaseFlow" name="purchaseMultipleProducts" time="9.264"/>
  <testcase classname="com.Bstackdemo.tests.TC006_PurchaseFlow" name="purchaseAfterFilter" time="4.286"/>
  <testcase classname="com.Bstackdemo.tests.TC003_FavouritesTest" name="removefavfromPage" time="10.668"/>
  <testcase classname="com.Bstackdemo.tests.TC005_HeaderNAvigation" name="testHeaderNavigation" time="12.518"/>
  <testcase classname="com.Bstackdemo.tests.TC006_PurchaseFlow" name="purchaseFromFavorites" time="5.121"/>
  <testcase classname="com.Bstackdemo.tests.TC006_PurchaseFlow" name="searchAndOrderProduct" time="3.54"/>
</testsuite> <!-- AllTests -->
