<?xml version="1.0" encoding="UTF-8"?>
<!-- Generated by org.testng.reporters.JUnitXMLReporter -->
<testsuite ignored="2" hostname="MonikaYuvaraj" failures="0" tests="0" name="Smoke Tests" time="0.084" errors="0" timestamp="2025-12-18T01:38:51 IST">
  <testcase classname="com.Bstackdemo.tests.TC0001LoginTests" name="logoutFunctionality" time="0.0">
    <ignored/>
  </testcase> <!-- logoutFunctionality -->
  <testcase classname="com.Bstackdemo.tests.TC0001LoginTests" name="accesswithoutLogin" time="0.0">
    <ignored/>
  </testcase> <!-- accesswithoutLogin -->
</testsuite> <!-- Smoke Tests -->
