<html>
<head>
<title>TestNG:  Test</title>
<link href="../testng.css" rel="stylesheet" type="text/css" />
<link href="../my-testng.css" rel="stylesheet" type="text/css" />

<style type="text/css">
.log { display: none;} 
.stack-trace { display: none;} 
</style>
<script type="text/javascript">
<!--
function flip(e) {
  current = e.style.display;
  if (current == 'block') {
    e.style.display = 'none';
    return 0;
  }
  else {
    e.style.display = 'block';
    return 1;
  }
}

function toggleBox(szDivId, elem, msg1, msg2)
{
  var res = -1;  if (document.getElementById) {
    res = flip(document.getElementById(szDivId));
  }
  else if (document.all) {
    // this is the way old msie versions work
    res = flip(document.all[szDivId]);
  }
  if(elem) {
    if(res == 0) elem.innerHTML = msg1; else elem.innerHTML = msg2;
  }

}

function toggleAllBoxes() {
  if (document.getElementsByTagName) {
    d = document.getElementsByTagName('div');
    for (i = 0; i < d.length; i++) {
      if (d[i].className == 'log') {
        flip(d[i]);
      }
    }
  }
}

// -->
</script>

</head>
<body>
<h2 align='center'>Test</h2><table border='1' align="center">
<tr>
<td>Tests passed/Failed/Skipped:</td><td>17/1/0</td>
</tr><tr>
<td>Started on:</td><td>Thu Dec 18 11:58:10 IST 2025</td>
</tr>
<tr><td>Total time:</td><td>117 seconds (117386 ms)</td>
</tr><tr>
<td>Included groups:</td><td></td>
</tr><tr>
<td>Excluded groups:</td><td></td>
</tr>
</table><p/>
<small><i>(Hover the method name to see the test class name)</i></small><p/>
<table width='100%' border='1' class='invocation-failed'>
<tr><td colspan='4' align='center'><b>FAILED TESTS</b></td></tr>
<tr><td><b>Test method</b></td>
<td><b>Attribute(s)</b></td>
<td width="30%"><b>Exception</b></td>
<td width="10%"><b>Time (seconds)</b></td>
<td><b>Instance</b></td>
</tr>
<tr>
<td title='com.Bstackdemo.tests.TC006_PurchaseFlow.purchaseSingleProduct()'><b>purchaseSingleProduct</b><br>Test class: com.Bstackdemo.tests.TC006_PurchaseFlow<br>Test method: Purchase a single product successfully</td>
<td><div><pre>org.openqa.selenium.TimeoutException: Expected condition failed: waiting for element to be clickable: By.xpath: //p[text()=&apos;iPhone 12&apos;]/ancestor::div[@class=&apos;shelf-item&apos;]//div[text()=&apos;Add to cart&apos;] (tried for 10 second(s) with 500 milliseconds interval)
Build info: version: &apos;4.11.0&apos;, revision: &apos;040bc5406b&apos;
System info: os.name: &apos;Windows 11&apos;, os.arch: &apos;amd64&apos;, os.version: &apos;10.0&apos;, java.version: &apos;21.0.6&apos;
Driver info: org.openqa.selenium.chrome.ChromeDriver
Capabilities {acceptInsecureCerts: false, browserName: chrome, browserVersion: 143.0.7499.41, chrome: {chromedriverVersion: 143.0.7499.146 (c1224fc40c9..., userDataDir: C:\Users\monik\AppData\Loca...}, fedcm:accounts: true, goog:chromeOptions: {debuggerAddress: localhost:62441}, goog:processID: 23868, networkConnectionEnabled: false, pageLoadStrategy: normal, platformName: windows, proxy: Proxy(), se:cdp: ws://localhost:62441/devtoo..., se:cdpVersion: 143.0.7499.41, setWindowRect: true, strictFileInteractability: false, timeouts: {implicit: 0, pageLoad: 300000, script: 30000}, unhandledPromptBehavior: dismiss and notify, webauthn:extension:credBlob: true, webauthn:extension:largeBlob: true, webauthn:extension:minPinLength: true, webauthn:extension:prf: true, webauthn:virtualAuthenticators: true}
Session ID: 80cfaf7b384418e1e696081329bee4b7
	at org.openqa.selenium.support.ui.WebDriverWait.timeoutException(WebDriverWait.java:84)
	at org.openqa.selenium.support.ui.FluentWait.until(FluentWait.java:230)
	at com.Bstackdemo.pages.HomePage.addToCartAnyPhone(HomePage.java:77)
	at com.Bstackdemo.tests.TC006_PurchaseFlow.purchaseSingleProduct(TC006_PurchaseFlow.java:51)
	at java.base/java.util.ArrayList.forEach(ArrayList.java:1596)
... Removed 25 stack frames</pre></div><a href='#' onClick='toggleBox("stack-trace1398005001", this, "Click to show all stack frames", "Click to hide stack frames")'>Click to show all stack frames</a>
<div class='stack-trace' id='stack-trace1398005001'><pre>org.openqa.selenium.TimeoutException: Expected condition failed: waiting for element to be clickable: By.xpath: //p[text()=&apos;iPhone 12&apos;]/ancestor::div[@class=&apos;shelf-item&apos;]//div[text()=&apos;Add to cart&apos;] (tried for 10 second(s) with 500 milliseconds interval)
Build info: version: &apos;4.11.0&apos;, revision: &apos;040bc5406b&apos;
System info: os.name: &apos;Windows 11&apos;, os.arch: &apos;amd64&apos;, os.version: &apos;10.0&apos;, java.version: &apos;21.0.6&apos;
Driver info: org.openqa.selenium.chrome.ChromeDriver
Capabilities {acceptInsecureCerts: false, browserName: chrome, browserVersion: 143.0.7499.41, chrome: {chromedriverVersion: 143.0.7499.146 (c1224fc40c9..., userDataDir: C:\Users\monik\AppData\Loca...}, fedcm:accounts: true, goog:chromeOptions: {debuggerAddress: localhost:62441}, goog:processID: 23868, networkConnectionEnabled: false, pageLoadStrategy: normal, platformName: windows, proxy: Proxy(), se:cdp: ws://localhost:62441/devtoo..., se:cdpVersion: 143.0.7499.41, setWindowRect: true, strictFileInteractability: false, timeouts: {implicit: 0, pageLoad: 300000, script: 30000}, unhandledPromptBehavior: dismiss and notify, webauthn:extension:credBlob: true, webauthn:extension:largeBlob: true, webauthn:extension:minPinLength: true, webauthn:extension:prf: true, webauthn:virtualAuthenticators: true}
Session ID: 80cfaf7b384418e1e696081329bee4b7
	at org.openqa.selenium.support.ui.WebDriverWait.timeoutException(WebDriverWait.java:84)
	at org.openqa.selenium.support.ui.FluentWait.until(FluentWait.java:230)
	at com.Bstackdemo.pages.HomePage.addToCartAnyPhone(HomePage.java:77)
	at com.Bstackdemo.tests.TC006_PurchaseFlow.purchaseSingleProduct(TC006_PurchaseFlow.java:51)
	at java.base/jdk.internal.reflect.DirectMethodHandleAccessor.invoke(DirectMethodHandleAccessor.java:103)
	at java.base/java.lang.reflect.Method.invoke(Method.java:580)
	at org.testng.internal.invokers.MethodInvocationHelper.invokeMethod(MethodInvocationHelper.java:139)
	at org.testng.internal.invokers.TestInvoker.invokeMethod(TestInvoker.java:664)
	at org.testng.internal.invokers.TestInvoker.invokeTestMethod(TestInvoker.java:228)
	at org.testng.internal.invokers.MethodRunner.runInSequence(MethodRunner.java:63)
	at org.testng.internal.invokers.TestInvoker$MethodInvocationAgent.invoke(TestInvoker.java:961)
	at org.testng.internal.invokers.TestInvoker.invokeTestMethods(TestInvoker.java:201)
	at org.testng.internal.invokers.TestMethodWorker.invokeTestMethods(TestMethodWorker.java:148)
	at org.testng.internal.invokers.TestMethodWorker.run(TestMethodWorker.java:128)
	at java.base/java.util.ArrayList.forEach(ArrayList.java:1596)
	at org.testng.TestRunner.privateRun(TestRunner.java:819)
	at org.testng.TestRunner.run(TestRunner.java:619)
	at org.testng.SuiteRunner.runTest(SuiteRunner.java:443)
	at org.testng.SuiteRunner.runSequentially(SuiteRunner.java:437)
	at org.testng.SuiteRunner.privateRun(SuiteRunner.java:397)
	at org.testng.SuiteRunner.run(SuiteRunner.java:336)
	at org.testng.SuiteRunnerWorker.runSuite(SuiteRunnerWorker.java:52)
	at org.testng.SuiteRunnerWorker.run(SuiteRunnerWorker.java:95)
	at org.testng.TestNG.runSuitesSequentially(TestNG.java:1301)
	at org.testng.TestNG.runSuitesLocally(TestNG.java:1228)
	at org.testng.TestNG.runSuites(TestNG.java:1134)
	at org.testng.TestNG.run(TestNG.java:1101)
	at org.testng.remote.AbstractRemoteTestNG.run(AbstractRemoteTestNG.java:115)
	at org.testng.remote.RemoteTestNG.initAndRun(RemoteTestNG.java:293)
	at org.testng.remote.RemoteTestNG.main(RemoteTestNG.java:91)
</pre></div></td>
<td>10</td>
<td>com.Bstackdemo.tests.TC006_PurchaseFlow@22fcf7ab</td></tr>
</table><p>
<table width='100%' border='1' class='invocation-passed'>
<tr><td colspan='4' align='center'><b>PASSED TESTS</b></td></tr>
<tr><td><b>Test method</b></td>
<td><b>Attribute(s)</b></td>
<td width="30%"><b>Exception</b></td>
<td width="10%"><b>Time (seconds)</b></td>
<td><b>Instance</b></td>
</tr>
<tr>
<td title='com.Bstackdemo.tests.TC006_PurchaseFlow.purchaseAfterFilter()'><b>purchaseAfterFilter</b><br>Test class: com.Bstackdemo.tests.TC006_PurchaseFlow<br>Test method: Purchase product after applying brand filter</td>
<td></td>
<td>13</td>
<td>com.Bstackdemo.tests.TC006_PurchaseFlow@22fcf7ab</td></tr>
<tr>
<td title='com.Bstackdemo.tests.TC0001LoginTests.logoutFunctionality()'><b>logoutFunctionality</b><br>Test class: com.Bstackdemo.tests.TC0001LoginTests<br>Test method: Verify user can logout successfully</td>
<td></td>
<td>0</td>
<td>com.Bstackdemo.tests.TC0001LoginTests@37ceb1df</td></tr>
<tr>
<td title='com.Bstackdemo.tests.TC004_BrandFilter.selectsingleBrand()'><b>selectsingleBrand</b><br>Test class: com.Bstackdemo.tests.TC004_BrandFilter<br>Test method: Filter products by a single brand</td>
<td></td>
<td>2</td>
<td>com.Bstackdemo.tests.TC004_BrandFilter@43c1b556</td></tr>
<tr>
<td title='com.Bstackdemo.tests.TC006_PurchaseFlow.purchaseMultipleProducts()'><b>purchaseMultipleProducts</b><br>Test class: com.Bstackdemo.tests.TC006_PurchaseFlow<br>Test method: Purchase multiple products successfully</td>
<td></td>
<td>2</td>
<td>com.Bstackdemo.tests.TC006_PurchaseFlow@22fcf7ab</td></tr>
<tr>
<td title='com.Bstackdemo.tests.TC002_AddtoCart.removeProductCart()'><b>removeProductCart</b><br>Test class: com.Bstackdemo.tests.TC002_AddtoCart<br>Test method: Remove products from cart</td>
<td></td>
<td>0</td>
<td>com.Bstackdemo.tests.TC002_AddtoCart@7dc0f706</td></tr>
<tr>
<td title='com.Bstackdemo.tests.TC004_BrandFilter.selectmultipleBrand()'><b>selectmultipleBrand</b><br>Test class: com.Bstackdemo.tests.TC004_BrandFilter<br>Test method: Filter products using multiple brands</td>
<td></td>
<td>2</td>
<td>com.Bstackdemo.tests.TC004_BrandFilter@43c1b556</td></tr>
<tr>
<td title='com.Bstackdemo.tests.TC0001LoginTests.login_with_valid_credentials()'><b>login_with_valid_credentials</b><br>Test class: com.Bstackdemo.tests.TC0001LoginTests<br>Test method: Verify user can login with valid credentials</td>
<td></td>
<td>1</td>
<td>com.Bstackdemo.tests.TC0001LoginTests@37ceb1df</td></tr>
<tr>
<td title='com.Bstackdemo.tests.TC006_PurchaseFlow.searchAndOrderProduct()'><b>searchAndOrderProduct</b><br>Test class: com.Bstackdemo.tests.TC006_PurchaseFlow<br>Test method: Search a product and complete purchase</td>
<td></td>
<td>2</td>
<td>com.Bstackdemo.tests.TC006_PurchaseFlow@22fcf7ab</td></tr>
<tr>
<td title='com.Bstackdemo.tests.TC004_BrandFilter.unselectsingleBrand()'><b>unselectsingleBrand</b><br>Test class: com.Bstackdemo.tests.TC004_BrandFilter<br>Test method: Unselect applied brand filter</td>
<td></td>
<td>0</td>
<td>com.Bstackdemo.tests.TC004_BrandFilter@43c1b556</td></tr>
<tr>
<td title='com.Bstackdemo.tests.TC0001LoginTests.accesswithoutLogin()'><b>accesswithoutLogin</b><br>Test class: com.Bstackdemo.tests.TC0001LoginTests<br>Test method: Verify restricted pages cannot be accessed without login</td>
<td></td>
<td>5</td>
<td>com.Bstackdemo.tests.TC0001LoginTests@37ceb1df</td></tr>
<tr>
<td title='com.Bstackdemo.tests.TC002_AddtoCart.addtCartMultipleProduct()'><b>addtCartMultipleProduct</b><br>Test class: com.Bstackdemo.tests.TC002_AddtoCart<br>Test method: Add multiple products to cart</td>
<td></td>
<td>0</td>
<td>com.Bstackdemo.tests.TC002_AddtoCart@7dc0f706</td></tr>
<tr>
<td title='com.Bstackdemo.tests.TC002_AddtoCart.addtCartSingleProduct()'><b>addtCartSingleProduct</b><br>Test class: com.Bstackdemo.tests.TC002_AddtoCart<br>Test method: Add single product to cart after login</td>
<td></td>
<td>2</td>
<td>com.Bstackdemo.tests.TC002_AddtoCart@7dc0f706</td></tr>
<tr>
<td title='com.Bstackdemo.tests.TC006_PurchaseFlow.purchaseFromFavorites()'><b>purchaseFromFavorites</b><br>Test class: com.Bstackdemo.tests.TC006_PurchaseFlow<br>Test method: Purchase product from favourites</td>
<td></td>
<td>4</td>
<td>com.Bstackdemo.tests.TC006_PurchaseFlow@22fcf7ab</td></tr>
<tr>
<td title='com.Bstackdemo.tests.TC003_FavouritesTest.verifyFavouriteProductDisplayed()'><b>verifyFavouriteProductDisplayed</b><br>Test class: com.Bstackdemo.tests.TC003_FavouritesTest<br>Test method: Verify favourite products are displayed</td>
<td></td>
<td>0</td>
<td>com.Bstackdemo.tests.TC003_FavouritesTest@4009e306</td></tr>
<tr>
<td title='com.Bstackdemo.tests.TC003_FavouritesTest.removefavfromPage()'><b>removefavfromPage</b><br>Test class: com.Bstackdemo.tests.TC003_FavouritesTest<br>Test method: Remove product from favourites</td>
<td></td>
<td>10</td>
<td>com.Bstackdemo.tests.TC003_FavouritesTest@4009e306</td></tr>
<tr>
<td title='com.Bstackdemo.tests.TC003_FavouritesTest.addproductToFav()'><b>addproductToFav</b><br>Test class: com.Bstackdemo.tests.TC003_FavouritesTest<br>Test method: Add multiple products to favourites</td>
<td></td>
<td>3</td>
<td>com.Bstackdemo.tests.TC003_FavouritesTest@4009e306</td></tr>
<tr>
<td title='com.Bstackdemo.tests.TC005_HeaderNAvigation.testHeaderNavigation()'><b>testHeaderNavigation</b><br>Test class: com.Bstackdemo.tests.TC005_HeaderNAvigation<br>Test method: Verify header navigation links after login</td>
<td></td>
<td>3</td>
<td>com.Bstackdemo.tests.TC005_HeaderNAvigation@587e5365</td></tr>
</table><p>
</body>
</html>