<?xml version="1.0" encoding="UTF-8"?>
<!-- Generated by org.testng.reporters.JUnitXMLReporter -->
<testsuite ignored="0" hostname="MonikaYuvaraj" failures="0" tests="18" name="AllTests" time="43.254" errors="0" timestamp="2025-12-18T17:55:05 IST">
  <testcase classname="com.Bstackdemo.tests.TC0001LoginTests" name="login_with_valid_credentials" time="3.33"/>
  <testcase classname="com.Bstackdemo.tests.TC002_AddtoCart" name="addtCartSingleProduct" time="3.44"/>
  <testcase classname="com.Bstackdemo.tests.TC004_BrandFilter" name="selectsingleBrand" time="10.585"/>
  <testcase classname="com.Bstackdemo.tests.TC002_AddtoCart" name="addtCartMultipleProduct" time="0.992"/>
  <testcase classname="com.Bstackdemo.tests.TC0001LoginTests" name="logoutFunctionality" time="0.891"/>
  <testcase classname="com.Bstackdemo.tests.TC0001LoginTests" name="accesswithoutLogin" time="1.174"/>
  <testcase classname="com.Bstackdemo.tests.TC003_FavouritesTest" name="addproductToFav" time="15.095"/>
  <testcase classname="com.Bstackdemo.tests.TC003_FavouritesTest" name="verifyFavouriteProductDisplayed" time="1.74"/>
  <testcase classname="com.Bstackdemo.tests.TC006_PurchaseFlow" name="purchaseSingleProduct" time="6.872"/>
  <testcase classname="com.Bstackdemo.tests.TC004_BrandFilter" name="selectmultipleBrand" time="8.061"/>
  <testcase classname="com.Bstackdemo.tests.TC002_AddtoCart" name="removeProductCart" time="2.249"/>
  <testcase classname="com.Bstackdemo.tests.TC004_BrandFilter" name="unselectsingleBrand" time="1.513"/>
  <testcase classname="com.Bstackdemo.tests.TC006_PurchaseFlow" name="purchaseMultipleProducts" time="6.531"/>
  <testcase classname="com.Bstackdemo.tests.TC005_HeaderNAvigation" name="testHeaderNavigation" time="7.58"/>
  <testcase classname="com.Bstackdemo.tests.TC003_FavouritesTest" name="removefavfromPage" time="11.049"/>
  <testcase classname="com.Bstackdemo.tests.TC006_PurchaseFlow" name="purchaseAfterFilter" time="5.373"/>
  <testcase classname="com.Bstackdemo.tests.TC006_PurchaseFlow" name="purchaseFromFavorites" time="3.751"/>
  <testcase classname="com.Bstackdemo.tests.TC006_PurchaseFlow" name="searchAndOrderProduct" time="2.743"/>
</testsuite> <!-- AllTests -->
