<?xml version="1.0" encoding="UTF-8"?>
<!-- Generated by org.testng.reporters.JUnitXMLReporter -->
<testsuite ignored="0" hostname="MonikaYuvaraj" failures="0" tests="18" name="AllTests" time="44.483" errors="0" timestamp="2025-12-18T16:54:48 IST">
  <testcase classname="com.Bstackdemo.tests.TC004_BrandFilter" name="selectsingleBrand" time="7.158"/>
  <testcase classname="com.Bstackdemo.tests.TC0001LoginTests" name="login_with_valid_credentials" time="3.074"/>
  <testcase classname="com.Bstackdemo.tests.TC002_AddtoCart" name="addtCartSingleProduct" time="11.916"/>
  <testcase classname="com.Bstackdemo.tests.TC003_FavouritesTest" name="addproductToFav" time="6.858"/>
  <testcase classname="com.Bstackdemo.tests.TC004_BrandFilter" name="selectmultipleBrand" time="6.732"/>
  <testcase classname="com.Bstackdemo.tests.TC0001LoginTests" name="logoutFunctionality" time="1.536"/>
  <testcase classname="com.Bstackdemo.tests.TC0001LoginTests" name="accesswithoutLogin" time="2.595"/>
  <testcase classname="com.Bstackdemo.tests.TC002_AddtoCart" name="addtCartMultipleProduct" time="5.565"/>
  <testcase classname="com.Bstackdemo.tests.TC003_FavouritesTest" name="verifyFavouriteProductDisplayed" time="0.651"/>
  <testcase classname="com.Bstackdemo.tests.TC004_BrandFilter" name="unselectsingleBrand" time="4.359"/>
  <testcase classname="com.Bstackdemo.tests.TC006_PurchaseFlow" name="purchaseSingleProduct" time="8.261"/>
  <testcase classname="com.Bstackdemo.tests.TC002_AddtoCart" name="removeProductCart" time="2.022"/>
  <testcase classname="com.Bstackdemo.tests.TC006_PurchaseFlow" name="purchaseMultipleProducts" time="3.482"/>
  <testcase classname="com.Bstackdemo.tests.TC005_HeaderNAvigation" name="testHeaderNavigation" time="10.149"/>
  <testcase classname="com.Bstackdemo.tests.TC006_PurchaseFlow" name="purchaseAfterFilter" time="3.847"/>
  <testcase classname="com.Bstackdemo.tests.TC006_PurchaseFlow" name="purchaseFromFavorites" time="3.569"/>
  <testcase classname="com.Bstackdemo.tests.TC003_FavouritesTest" name="removefavfromPage" time="10.355"/>
  <testcase classname="com.Bstackdemo.tests.TC006_PurchaseFlow" name="searchAndOrderProduct" time="3.454"/>
</testsuite> <!-- AllTests -->
