<?xml version="1.0" encoding="UTF-8"?>
<testsuite xmlns:xsi="http://www.w3.org/2001/XMLSchema-instance" xsi:noNamespaceSchemaLocation="https://maven.apache.org/surefire/maven-surefire-plugin/xsd/surefire-test-report-3.0.xsd" version="3.0" name="TestSuite" time="45.461" tests="18" errors="0" skipped="0" failures="0">
  <properties>
[...]
</properties>
  <testcase name="login_with_valid_credentials" classname="com.Bstackdemo.tests.TC0001LoginTests" time="3.104">
    <system-out><![CDATA[2025-12-18 17:54:27 [TestNG-test-AllTests-5] INFO  com.Bstackdemo.tests.TC003_FavouritesTest - TC004 setup Completed
2025-12-18 17:54:27 [TestNG-test-AllTests-1] INFO  com.Bstackdemo.tests.TC003_FavouritesTest - TC003 setup Completed
2025-12-18 17:54:28 [TestNG-test-AllTests-1] INFO  com.Bstackdemo.tests.TC003_FavouritesTest - Add multiple products to favourites
2025-12-18 17:54:28 [TestNG-test-AllTests-1] INFO  com.Bstackdemo.pages.HomePage - Clicking on Sign In button
2025-12-18 17:54:28 [TestNG-test-AllTests-5] INFO  com.Bstackdemo.tests.TC003_FavouritesTest - Filter products by a single brand
2025-12-18 17:54:28 [TestNG-test-AllTests-5] INFO  com.Bstackdemo.pages.HomePage - Clicking on Sign In button
2025-12-18 17:54:34 [TestNG-test-AllTests-3] INFO  com.Bstackdemo.tests.TC0001LoginTests - Executing login test
2025-12-18 17:54:34 [TestNG-test-AllTests-3] INFO  com.Bstackdemo.pages.HomePage - Clicking on Sign In button
2025-12-18 17:54:34 [TestNG-test-AllTests-2] INFO  com.Bstackdemo.tests.TC0001LoginTests - TC0002 setup completed
2025-12-18 17:54:34 [TestNG-test-AllTests-2] INFO  com.Bstackdemo.tests.TC0001LoginTests - Add single product to cart after login
2025-12-18 17:54:34 [TestNG-test-AllTests-2] INFO  com.Bstackdemo.pages.HomePage - Clicking on Sign In button
2025-12-18 17:54:35 [TestNG-test-AllTests-3] INFO  com.Bstackdemo.pages.LoginPage - Entering username
2025-12-18 17:54:35 [TestNG-test-AllTests-2] INFO  com.Bstackdemo.pages.LoginPage - Entering username
2025-12-18 17:54:35 [TestNG-test-AllTests-1] INFO  com.Bstackdemo.pages.LoginPage - Entering username
2025-12-18 17:54:36 [TestNG-test-AllTests-5] INFO  com.Bstackdemo.pages.LoginPage - Entering username
2025-12-18 17:54:36 [TestNG-test-AllTests-1] INFO  com.Bstackdemo.pages.LoginPage - Entering password
2025-12-18 17:54:36 [TestNG-test-AllTests-2] INFO  com.Bstackdemo.pages.LoginPage - Entering password
2025-12-18 17:54:36 [TestNG-test-AllTests-4] INFO  com.Bstackdemo.pages.LoginPage - CartPage initialized
2025-12-18 17:54:36 [TestNG-test-AllTests-4] INFO  com.Bstackdemo.pages.HomePage - Clicking on Sign In button
2025-12-18 17:54:36 [TestNG-test-AllTests-1] INFO  com.Bstackdemo.pages.LoginPage - Clicking Login button
2025-12-18 17:54:36 [TestNG-test-AllTests-3] INFO  com.Bstackdemo.pages.LoginPage - Entering password
2025-12-18 17:54:36 [TestNG-test-AllTests-2] INFO  com.Bstackdemo.pages.LoginPage - Clicking Login button
2025-12-18 17:54:36 [TestNG-test-AllTests-3] INFO  com.Bstackdemo.pages.LoginPage - Clicking Login button
2025-12-18 17:54:36 [TestNG-test-AllTests-5] INFO  com.Bstackdemo.pages.LoginPage - Entering password
2025-12-18 17:54:36 [TestNG-test-AllTests-5] INFO  com.Bstackdemo.pages.LoginPage - Clicking Login button
]]></system-out>
    <system-err><![CDATA[Dec 18, 2025 5:54:26 PM org.openqa.selenium.devtools.CdpVersionFinder findNearestMatch
WARNING: Unable to find CDP implementation matching 143
Dec 18, 2025 5:54:26 PM org.openqa.selenium.chromium.ChromiumDriver lambda$new$5
WARNING: Unable to find version of CDP to use for 143.0.7499.146. You may need to include a dependency on a specific version of the CDP using something similar to `org.seleniumhq.selenium:selenium-devtools-v86:4.11.0` where the version ("v86") matches the version of the chromium-based browser you're using and the version number of the artifact is the same as Selenium's.
Dec 18, 2025 5:54:26 PM org.openqa.selenium.devtools.CdpVersionFinder findNearestMatch
WARNING: Unable to find CDP implementation matching 143
Dec 18, 2025 5:54:26 PM org.openqa.selenium.devtools.CdpVersionFinder findNearestMatch
WARNING: Unable to find CDP implementation matching 143
Dec 18, 2025 5:54:26 PM org.openqa.selenium.chromium.ChromiumDriver lambda$new$5
WARNING: Unable to find version of CDP to use for 143.0.7499.146. You may need to include a dependency on a specific version of the CDP using something similar to `org.seleniumhq.selenium:selenium-devtools-v86:4.11.0` where the version ("v86") matches the version of the chromium-based browser you're using and the version number of the artifact is the same as Selenium's.
Dec 18, 2025 5:54:26 PM org.openqa.selenium.chromium.ChromiumDriver lambda$new$5
WARNING: Unable to find version of CDP to use for 143.0.7499.146. You may need to include a dependency on a specific version of the CDP using something similar to `org.seleniumhq.selenium:selenium-devtools-v86:4.11.0` where the version ("v86") matches the version of the chromium-based browser you're using and the version number of the artifact is the same as Selenium's.
Dec 18, 2025 5:54:28 PM org.openqa.selenium.devtools.CdpVersionFinder findNearestMatch
WARNING: Unable to find CDP implementation matching 143
Dec 18, 2025 5:54:28 PM org.openqa.selenium.chromium.ChromiumDriver lambda$new$5
WARNING: Unable to find version of CDP to use for 143.0.7499.146. You may need to include a dependency on a specific version of the CDP using something similar to `org.seleniumhq.selenium:selenium-devtools-v86:4.11.0` where the version ("v86") matches the version of the chromium-based browser you're using and the version number of the artifact is the same as Selenium's.
Dec 18, 2025 5:54:28 PM org.openqa.selenium.devtools.CdpVersionFinder findNearestMatch
WARNING: Unable to find CDP implementation matching 143
Dec 18, 2025 5:54:28 PM org.openqa.selenium.chromium.ChromiumDriver lambda$new$5
WARNING: Unable to find version of CDP to use for 143.0.7499.146. You may need to include a dependency on a specific version of the CDP using something similar to `org.seleniumhq.selenium:selenium-devtools-v86:4.11.0` where the version ("v86") matches the version of the chromium-based browser you're using and the version number of the artifact is the same as Selenium's.
]]></system-err>
  </testcase>
  <testcase name="logoutFunctionality" classname="com.Bstackdemo.tests.TC0001LoginTests" time="0.891">
    <system-out><![CDATA[2025-12-18 17:54:39 [TestNG-test-AllTests-4] INFO  com.Bstackdemo.pages.HomePage - add product to cart
2025-12-18 17:54:39 [TestNG-test-AllTests-4] INFO  com.Bstackdemo.pages.HomePage - get cart count
2025-12-18 17:54:39 [TestNG-test-AllTests-5] INFO  com.Bstackdemo.pages.HomePage - click brand
✅ Screenshot saved: F:/Eclipse/New Eclipse/com.Bstackdemo/screenshots/addtCartMultipleProduct_PASS_.png
2025-12-18 17:54:39 [TestNG-test-AllTests-2] INFO  com.Bstackdemo.tests.TC0001LoginTests - Executing logout test
2025-12-18 17:54:39 [TestNG-test-AllTests-2] INFO  com.Bstackdemo.pages.HomePage - Clicking on Sign In button
2025-12-18 17:54:39 [TestNG-test-AllTests-4] INFO  com.Bstackdemo.pages.LoginPage - checkout btn clicked
2025-12-18 17:54:39 [TestNG-test-AllTests-1] INFO  com.Bstackdemo.pages.HomePage - Opening fav page
]]></system-out>
  </testcase>
  <testcase name="accesswithoutLogin" classname="com.Bstackdemo.tests.TC0001LoginTests" time="1.17">
    <system-out><![CDATA[✅ Screenshot saved: F:/Eclipse/New Eclipse/com.Bstackdemo/screenshots/logoutFunctionality_PASS_.png
2025-12-18 17:54:40 [TestNG-test-AllTests-2] INFO  com.Bstackdemo.tests.TC0001LoginTests - Verify restricted pages cannot be accessed without login
2025-12-18 17:54:40 [TestNG-test-AllTests-2] INFO  com.Bstackdemo.pages.HomePage - Opening Orders page
]]></system-out>
    <system-err><![CDATA[Dec 18, 2025 5:54:40 PM org.openqa.selenium.devtools.CdpVersionFinder findNearestMatch
WARNING: Unable to find CDP implementation matching 143
Dec 18, 2025 5:54:40 PM org.openqa.selenium.chromium.ChromiumDriver lambda$new$5
WARNING: Unable to find version of CDP to use for 143.0.7499.146. You may need to include a dependency on a specific version of the CDP using something similar to `org.seleniumhq.selenium:selenium-devtools-v86:4.11.0` where the version ("v86") matches the version of the chromium-based browser you're using and the version number of the artifact is the same as Selenium's.
]]></system-err>
  </testcase>
  <testcase name="addtCartSingleProduct" classname="com.Bstackdemo.tests.TC002_AddtoCart" time="3.439">
    <system-out><![CDATA[2025-12-18 17:54:37 [TestNG-test-AllTests-2] INFO  com.Bstackdemo.pages.HomePage - add product to cart
2025-12-18 17:54:37 [TestNG-test-AllTests-2] INFO  com.Bstackdemo.pages.HomePage - get cart count
]]></system-out>
  </testcase>
  <testcase name="addtCartMultipleProduct" classname="com.Bstackdemo.tests.TC002_AddtoCart" time="0.134">
    <system-out><![CDATA[2025-12-18 17:54:38 [TestNG-test-AllTests-2] INFO  com.Bstackdemo.pages.HomePage - add product to cart
2025-12-18 17:54:38 [TestNG-test-AllTests-2] INFO  com.Bstackdemo.pages.HomePage - add product to cart
2025-12-18 17:54:38 [TestNG-test-AllTests-2] INFO  com.Bstackdemo.pages.HomePage - get cart count
✅ Screenshot saved: F:/Eclipse/New Eclipse/com.Bstackdemo/screenshots/selectsingleBrand_PASS_.png
2025-12-18 17:54:38 [TestNG-test-AllTests-5] INFO  com.Bstackdemo.tests.TC003_FavouritesTest - Filter products using multiple brands
Cart Count = 5
2025-12-18 17:54:38 [TestNG-test-AllTests-2] INFO  com.Bstackdemo.pages.HomePage - get cart count
]]></system-out>
  </testcase>
  <testcase name="removeProductCart" classname="com.Bstackdemo.tests.TC002_AddtoCart" time="0.372">
    <system-out><![CDATA[2025-12-18 17:54:47 [TestNG-test-AllTests-2] INFO  com.Bstackdemo.pages.HomePage - remove pro from cart
2025-12-18 17:54:47 [TestNG-test-AllTests-4] INFO  com.Bstackdemo.pages.HomePage - add product to cart
✅ Screenshot saved: F:/Eclipse/New Eclipse/com.Bstackdemo/screenshots/selectmultipleBrand_PASS_.png
2025-12-18 17:54:47 [TestNG-test-AllTests-5] INFO  com.Bstackdemo.tests.TC003_FavouritesTest - Unselect applied brand filter
2025-12-18 17:54:47 [TestNG-test-AllTests-3] INFO  com.Bstackdemo.tests.TC003_FavouritesTest - TC005 setup Completed
2025-12-18 17:54:47 [TestNG-test-AllTests-3] INFO  com.Bstackdemo.tests.TC003_FavouritesTest - Verify header navigation links after login
2025-12-18 17:54:47 [TestNG-test-AllTests-3] INFO  com.Bstackdemo.pages.HomePage - Clicking on Sign In button
2025-12-18 17:54:47 [TestNG-test-AllTests-5] INFO  com.Bstackdemo.pages.HomePage - get brand pro count
Products brand filter: 25
2025-12-18 17:54:47 [TestNG-test-AllTests-2] INFO  com.Bstackdemo.pages.HomePage - remove pro from cart
2025-12-18 17:54:47 [TestNG-test-AllTests-2] INFO  com.Bstackdemo.pages.HomePage - get cart count
2025-12-18 17:54:47 [TestNG-test-AllTests-4] INFO  com.Bstackdemo.pages.HomePage - add product to cart
2025-12-18 17:54:47 [TestNG-test-AllTests-4] INFO  com.Bstackdemo.pages.HomePage - get cart count
]]></system-out>
  </testcase>
  <testcase name="selectsingleBrand" classname="com.Bstackdemo.tests.TC004_BrandFilter" time="0.074">
    <system-out><![CDATA[2025-12-18 17:54:37 [TestNG-test-AllTests-4] INFO  com.Bstackdemo.pages.LoginPage - Entering username
✅ Screenshot saved: F:/Eclipse/New Eclipse/com.Bstackdemo/screenshots/login_with_valid_credentials_PASS_.png
2025-12-18 17:54:37 [TestNG-test-AllTests-5] INFO  com.Bstackdemo.pages.HomePage - click brand
✅ Screenshot saved: F:/Eclipse/New Eclipse/com.Bstackdemo/screenshots/addtCartSingleProduct_PASS_.png
2025-12-18 17:54:38 [TestNG-test-AllTests-2] INFO  com.Bstackdemo.tests.TC0001LoginTests - Add multiple products to cart
2025-12-18 17:54:38 [TestNG-test-AllTests-4] INFO  com.Bstackdemo.pages.LoginPage - Entering password
2025-12-18 17:54:38 [TestNG-test-AllTests-2] INFO  com.Bstackdemo.pages.HomePage - add product to cart
2025-12-18 17:54:38 [TestNG-test-AllTests-4] INFO  com.Bstackdemo.pages.LoginPage - Clicking Login button
2025-12-18 17:54:38 [TestNG-test-AllTests-2] INFO  com.Bstackdemo.pages.HomePage - add product to cart
2025-12-18 17:54:38 [TestNG-test-AllTests-4] INFO  com.Bstackdemo.tests.TC003_FavouritesTest - TC006 setup Completed
2025-12-18 17:54:38 [TestNG-test-AllTests-5] INFO  com.Bstackdemo.pages.HomePage - get brand pro count
2025-12-18 17:54:38 [TestNG-test-AllTests-4] INFO  com.Bstackdemo.tests.TC003_FavouritesTest - Purchase a single product successfully
Products after brand filter: 3
]]></system-out>
  </testcase>
  <testcase name="selectmultipleBrand" classname="com.Bstackdemo.tests.TC004_BrandFilter" time="1.31">
    <system-out><![CDATA[2025-12-18 17:54:45 [TestNG-test-AllTests-2] INFO  com.Bstackdemo.tests.TC0001LoginTests - Remove products from cart
✅ Screenshot saved: F:/Eclipse/New Eclipse/com.Bstackdemo/screenshots/verifyFavouriteProductDisplayed_PASS_.png
✅ Screenshot saved: F:/Eclipse/New Eclipse/com.Bstackdemo/screenshots/purchaseSingleProduct_PASS_.png
2025-12-18 17:54:45 [TestNG-test-AllTests-4] INFO  com.Bstackdemo.tests.TC003_FavouritesTest - Purchase multiple products successfully
2025-12-18 17:54:45 [TestNG-test-AllTests-1] INFO  com.Bstackdemo.tests.TC003_FavouritesTest - Remove product from favourites
2025-12-18 17:54:45 [TestNG-test-AllTests-5] INFO  com.Bstackdemo.pages.HomePage - get brand pro count
Products after brand filter: 25
2025-12-18 17:54:46 [TestNG-test-AllTests-2] INFO  com.Bstackdemo.pages.HomePage - remove pro from cart
2025-12-18 17:54:46 [TestNG-test-AllTests-2] INFO  com.Bstackdemo.pages.HomePage - remove pro from cart
]]></system-out>
  </testcase>
  <testcase name="unselectsingleBrand" classname="com.Bstackdemo.tests.TC004_BrandFilter" time="1.452">
    <system-out><![CDATA[2025-12-18 17:54:47 [TestNG-test-AllTests-2] INFO  com.Bstackdemo.tests.TC0001LoginTests - TC002 completed
2025-12-18 17:54:48 [TestNG-test-AllTests-5] INFO  com.Bstackdemo.pages.HomePage - click brand
2025-12-18 17:54:48 [TestNG-test-AllTests-4] INFO  com.Bstackdemo.pages.LoginPage - checkout btn clicked
2025-12-18 17:54:48 [TestNG-test-AllTests-5] INFO  com.Bstackdemo.pages.HomePage - get brand pro count
Products after brand filter: 22
]]></system-out>
  </testcase>
  <testcase name="addproductToFav" classname="com.Bstackdemo.tests.TC003_FavouritesTest" time="2.431">
    <system-out><![CDATA[✅ Screenshot saved: F:/Eclipse/New Eclipse/com.Bstackdemo/screenshots/accesswithoutLogin_PASS_.png
2025-12-18 17:54:42 [TestNG-test-AllTests-2] INFO  com.Bstackdemo.tests.TC0001LoginTests - TC0001 completed
2025-12-18 17:54:42 [TestNG-test-AllTests-5] INFO  com.Bstackdemo.pages.HomePage - click brand
Favorite product found: Galaxy S20
]]></system-out>
  </testcase>
  <testcase name="verifyFavouriteProductDisplayed" classname="com.Bstackdemo.tests.TC003_FavouritesTest" time="1.737">
    <system-out><![CDATA[✅ Screenshot saved: F:/Eclipse/New Eclipse/com.Bstackdemo/screenshots/addproductToFav_PASS_.png
2025-12-18 17:54:43 [TestNG-test-AllTests-1] INFO  com.Bstackdemo.tests.TC003_FavouritesTest - Verify favourite products are displayed
2025-12-18 17:54:43 [TestNG-test-AllTests-1] INFO  com.Bstackdemo.pages.HomePage - Opening fav page
Order placed successfully. Order Details: 27
orderNo 27
2025-12-18 17:54:45 [TestNG-test-AllTests-5] INFO  com.Bstackdemo.pages.HomePage - click brand
Favourite product displayed: One Plus 8 Pro
]]></system-out>
  </testcase>
  <testcase name="removefavfromPage" classname="com.Bstackdemo.tests.TC003_FavouritesTest" time="4.307">
    <system-out><![CDATA[✅ Screenshot saved: F:/Eclipse/New Eclipse/com.Bstackdemo/screenshots/testHeaderNavigation_PASS_.png
2025-12-18 17:54:55 [TestNG-test-AllTests-3] INFO  com.Bstackdemo.tests.TC003_FavouritesTest - TC005 completed
2025-12-18 17:54:55 [TestNG-test-AllTests-4] INFO  com.Bstackdemo.pages.HomePage - add product to cart
2025-12-18 17:54:55 [TestNG-test-AllTests-4] INFO  com.Bstackdemo.pages.HomePage - get cart count
2025-12-18 17:54:55 [TestNG-test-AllTests-4] INFO  com.Bstackdemo.pages.LoginPage - checkout btn clicked
Removed from favorites: iPhone 11
]]></system-out>
  </testcase>
  <testcase name="purchaseSingleProduct" classname="com.Bstackdemo.tests.TC006_PurchaseFlow" time="1.86"/>
  <testcase name="purchaseMultipleProducts" classname="com.Bstackdemo.tests.TC006_PurchaseFlow" time="4.804">
    <system-out><![CDATA[2025-12-18 17:54:48 [TestNG-test-AllTests-3] INFO  com.Bstackdemo.pages.LoginPage - Entering username
✅ Screenshot saved: F:/Eclipse/New Eclipse/com.Bstackdemo/screenshots/unselectsingleBrand_PASS_.png
2025-12-18 17:54:49 [TestNG-test-AllTests-5] INFO  com.Bstackdemo.tests.TC003_FavouritesTest - TC004 Completed
2025-12-18 17:54:49 [TestNG-test-AllTests-3] INFO  com.Bstackdemo.pages.LoginPage - Entering password
2025-12-18 17:54:49 [TestNG-test-AllTests-3] INFO  com.Bstackdemo.pages.LoginPage - Clicking Login button
Order placed successfully. Order Details: 61
orderNo 61
2025-12-18 17:54:52 [TestNG-test-AllTests-3] INFO  com.Bstackdemo.pages.HomePage - Opening Orders page
]]></system-out>
  </testcase>
  <testcase name="purchaseAfterFilter" classname="com.Bstackdemo.tests.TC006_PurchaseFlow" time="5.371">
    <system-out><![CDATA[✅ Screenshot saved: F:/Eclipse/New Eclipse/com.Bstackdemo/screenshots/removefavfromPage_PASS_.png
2025-12-18 17:54:57 [TestNG-test-AllTests-1] INFO  com.Bstackdemo.tests.TC003_FavouritesTest - TC003 Completed
Order placed successfully. Order Details: 17
orderNo 17
]]></system-out>
  </testcase>
  <testcase name="purchaseFromFavorites" classname="com.Bstackdemo.tests.TC006_PurchaseFlow" time="3.75">
    <system-out><![CDATA[✅ Screenshot saved: F:/Eclipse/New Eclipse/com.Bstackdemo/screenshots/purchaseAfterFilter_PASS_.png
2025-12-18 17:54:57 [TestNG-test-AllTests-4] INFO  com.Bstackdemo.tests.TC003_FavouritesTest - Purchase product from favourites
2025-12-18 17:55:00 [TestNG-test-AllTests-4] INFO  com.Bstackdemo.pages.HomePage - Opening fav page
2025-12-18 17:55:00 [TestNG-test-AllTests-4] INFO  com.Bstackdemo.pages.HomePage - get cart count
2025-12-18 17:55:00 [TestNG-test-AllTests-4] INFO  com.Bstackdemo.pages.LoginPage - checkout btn clicked
Order placed successfully. Order Details: 77
orderNo 77
]]></system-out>
  </testcase>
  <testcase name="searchAndOrderProduct" classname="com.Bstackdemo.tests.TC006_PurchaseFlow" time="2.742">
    <system-out><![CDATA[✅ Screenshot saved: F:/Eclipse/New Eclipse/com.Bstackdemo/screenshots/purchaseFromFavorites_PASS_.png
2025-12-18 17:55:01 [TestNG-test-AllTests-4] INFO  com.Bstackdemo.tests.TC003_FavouritesTest - Search a product and complete purchase
2025-12-18 17:55:03 [TestNG-test-AllTests-4] INFO  com.Bstackdemo.pages.HomePage - product name entered
2025-12-18 17:55:03 [TestNG-test-AllTests-4] INFO  com.Bstackdemo.pages.HomePage - add product to cart
2025-12-18 17:55:03 [TestNG-test-AllTests-4] INFO  com.Bstackdemo.pages.HomePage - get cart count
2025-12-18 17:55:03 [TestNG-test-AllTests-4] INFO  com.Bstackdemo.pages.LoginPage - checkout btn clicked
Order placed successfully. Order Details: 64
Order placed successfully. Order No: 64
]]></system-out>
  </testcase>
  <testcase name="testHeaderNavigation" classname="com.Bstackdemo.tests.TC005_HeaderNAvigation" time="2.564">
    <system-out><![CDATA[✅ Screenshot saved: F:/Eclipse/New Eclipse/com.Bstackdemo/screenshots/purchaseMultipleProducts_PASS_.png
2025-12-18 17:54:52 [TestNG-test-AllTests-4] INFO  com.Bstackdemo.tests.TC003_FavouritesTest - Purchase product after applying brand filter
2025-12-18 17:54:52 [TestNG-test-AllTests-3] INFO  com.Bstackdemo.pages.HomePage - Opening offers page
2025-12-18 17:54:54 [TestNG-test-AllTests-3] INFO  com.Bstackdemo.pages.HomePage - Opening fav page
2025-12-18 17:54:54 [TestNG-test-AllTests-4] INFO  com.Bstackdemo.pages.HomePage - click brand
]]></system-out>
    <system-err><![CDATA[Dec 18, 2025 5:54:54 PM org.openqa.selenium.os.OsProcess destroy
SEVERE: Unable to kill process Process[pid=15748, exitValue=1]
]]></system-err>
  </testcase>
</testsuite>