<?xml version="1.0" encoding="UTF-8"?>
<testng-results ignored="0" total="18" passed="18" failed="0" skipped="0">
  <reporter-output>
  </reporter-output>
  <suite started-at="2025-12-18T17:53:09 IST" name="BstackDemoSuite" finished-at="2025-12-18T17:53:52 IST" duration-ms="43073">
    <groups>
      <group name="filter">
        <method signature="TC004_BrandFilter.selectsingleBrand()[pri:1, instance:com.Bstackdemo.tests.TC004_BrandFilter@14bb2297]" name="selectsingleBrand" class="com.Bstackdemo.tests.TC004_BrandFilter"/>
        <method signature="TC004_BrandFilter.unselectsingleBrand()[pri:2, instance:com.Bstackdemo.tests.TC004_BrandFilter@14bb2297]" name="unselectsingleBrand" class="com.Bstackdemo.tests.TC004_BrandFilter"/>
        <method signature="TC004_BrandFilter.selectmultipleBrand()[pri:3, instance:com.Bstackdemo.tests.TC004_BrandFilter@14bb2297]" name="selectmultipleBrand" class="com.Bstackdemo.tests.TC004_BrandFilter"/>
      </group> <!-- filter -->
      <group name="search">
        <method signature="TC006_PurchaseFlow.searchAndOrderProduct()[pri:5, instance:com.Bstackdemo.tests.TC006_PurchaseFlow@797501a]" name="searchAndOrderProduct" class="com.Bstackdemo.tests.TC006_PurchaseFlow"/>
      </group> <!-- search -->
      <group name="navigation">
        <method signature="TC005_HeaderNAvigation.testHeaderNavigation()[pri:1, instance:com.Bstackdemo.tests.TC005_HeaderNAvigation@69adf72c]" name="testHeaderNavigation" class="com.Bstackdemo.tests.TC005_HeaderNAvigation"/>
      </group> <!-- navigation -->
      <group name="favourites">
        <method signature="TC003_FavouritesTest.addproductToFav()[pri:1, instance:com.Bstackdemo.tests.TC003_FavouritesTest@649f2009]" name="addproductToFav" class="com.Bstackdemo.tests.TC003_FavouritesTest"/>
        <method signature="TC003_FavouritesTest.verifyFavouriteProductDisplayed()[pri:2, instance:com.Bstackdemo.tests.TC003_FavouritesTest@649f2009]" name="verifyFavouriteProductDisplayed" class="com.Bstackdemo.tests.TC003_FavouritesTest"/>
        <method signature="TC003_FavouritesTest.removefavfromPage()[pri:3, instance:com.Bstackdemo.tests.TC003_FavouritesTest@649f2009]" name="removefavfromPage" class="com.Bstackdemo.tests.TC003_FavouritesTest"/>
      </group> <!-- favourites -->
      <group name="regression">
        <method signature="TC0001LoginTests.login_with_valid_credentials()[pri:1, instance:com.Bstackdemo.tests.TC0001LoginTests@408b35bf]" name="login_with_valid_credentials" class="com.Bstackdemo.tests.TC0001LoginTests"/>
        <method signature="TC003_FavouritesTest.addproductToFav()[pri:1, instance:com.Bstackdemo.tests.TC003_FavouritesTest@649f2009]" name="addproductToFav" class="com.Bstackdemo.tests.TC003_FavouritesTest"/>
        <method signature="TC0001LoginTests.logoutFunctionality()[pri:2, instance:com.Bstackdemo.tests.TC0001LoginTests@408b35bf]" name="logoutFunctionality" class="com.Bstackdemo.tests.TC0001LoginTests"/>
        <method signature="TC002_AddtoCart.addtCartMultipleProduct()[pri:2, instance:com.Bstackdemo.tests.TC002_AddtoCart@726386ed]" name="addtCartMultipleProduct" class="com.Bstackdemo.tests.TC002_AddtoCart"/>
        <method signature="TC003_FavouritesTest.verifyFavouriteProductDisplayed()[pri:2, instance:com.Bstackdemo.tests.TC003_FavouritesTest@649f2009]" name="verifyFavouriteProductDisplayed" class="com.Bstackdemo.tests.TC003_FavouritesTest"/>
        <method signature="TC004_BrandFilter.unselectsingleBrand()[pri:2, instance:com.Bstackdemo.tests.TC004_BrandFilter@14bb2297]" name="unselectsingleBrand" class="com.Bstackdemo.tests.TC004_BrandFilter"/>
        <method signature="TC006_PurchaseFlow.purchaseMultipleProducts()[pri:2, instance:com.Bstackdemo.tests.TC006_PurchaseFlow@797501a]" name="purchaseMultipleProducts" class="com.Bstackdemo.tests.TC006_PurchaseFlow"/>
        <method signature="TC0001LoginTests.accesswithoutLogin()[pri:3, instance:com.Bstackdemo.tests.TC0001LoginTests@408b35bf]" name="accesswithoutLogin" class="com.Bstackdemo.tests.TC0001LoginTests"/>
        <method signature="TC002_AddtoCart.removeProductCart()[pri:3, instance:com.Bstackdemo.tests.TC002_AddtoCart@726386ed]" name="removeProductCart" class="com.Bstackdemo.tests.TC002_AddtoCart"/>
        <method signature="TC003_FavouritesTest.removefavfromPage()[pri:3, instance:com.Bstackdemo.tests.TC003_FavouritesTest@649f2009]" name="removefavfromPage" class="com.Bstackdemo.tests.TC003_FavouritesTest"/>
        <method signature="TC004_BrandFilter.selectmultipleBrand()[pri:3, instance:com.Bstackdemo.tests.TC004_BrandFilter@14bb2297]" name="selectmultipleBrand" class="com.Bstackdemo.tests.TC004_BrandFilter"/>
        <method signature="TC006_PurchaseFlow.purchaseAfterFilter()[pri:3, instance:com.Bstackdemo.tests.TC006_PurchaseFlow@797501a]" name="purchaseAfterFilter" class="com.Bstackdemo.tests.TC006_PurchaseFlow"/>
        <method signature="TC006_PurchaseFlow.purchaseFromFavorites()[pri:4, instance:com.Bstackdemo.tests.TC006_PurchaseFlow@797501a]" name="purchaseFromFavorites" class="com.Bstackdemo.tests.TC006_PurchaseFlow"/>
        <method signature="TC006_PurchaseFlow.searchAndOrderProduct()[pri:5, instance:com.Bstackdemo.tests.TC006_PurchaseFlow@797501a]" name="searchAndOrderProduct" class="com.Bstackdemo.tests.TC006_PurchaseFlow"/>
      </group> <!-- regression -->
      <group name="purchase">
        <method signature="TC006_PurchaseFlow.purchaseSingleProduct()[pri:1, instance:com.Bstackdemo.tests.TC006_PurchaseFlow@797501a]" name="purchaseSingleProduct" class="com.Bstackdemo.tests.TC006_PurchaseFlow"/>
        <method signature="TC006_PurchaseFlow.purchaseMultipleProducts()[pri:2, instance:com.Bstackdemo.tests.TC006_PurchaseFlow@797501a]" name="purchaseMultipleProducts" class="com.Bstackdemo.tests.TC006_PurchaseFlow"/>
        <method signature="TC006_PurchaseFlow.purchaseAfterFilter()[pri:3, instance:com.Bstackdemo.tests.TC006_PurchaseFlow@797501a]" name="purchaseAfterFilter" class="com.Bstackdemo.tests.TC006_PurchaseFlow"/>
        <method signature="TC006_PurchaseFlow.purchaseFromFavorites()[pri:4, instance:com.Bstackdemo.tests.TC006_PurchaseFlow@797501a]" name="purchaseFromFavorites" class="com.Bstackdemo.tests.TC006_PurchaseFlow"/>
      </group> <!-- purchase -->
      <group name="smoke">
        <method signature="TC0001LoginTests.login_with_valid_credentials()[pri:1, instance:com.Bstackdemo.tests.TC0001LoginTests@408b35bf]" name="login_with_valid_credentials" class="com.Bstackdemo.tests.TC0001LoginTests"/>
        <method signature="TC002_AddtoCart.addtCartSingleProduct()[pri:1, instance:com.Bstackdemo.tests.TC002_AddtoCart@726386ed]" name="addtCartSingleProduct" class="com.Bstackdemo.tests.TC002_AddtoCart"/>
        <method signature="TC004_BrandFilter.selectsingleBrand()[pri:1, instance:com.Bstackdemo.tests.TC004_BrandFilter@14bb2297]" name="selectsingleBrand" class="com.Bstackdemo.tests.TC004_BrandFilter"/>
        <method signature="TC005_HeaderNAvigation.testHeaderNavigation()[pri:1, instance:com.Bstackdemo.tests.TC005_HeaderNAvigation@69adf72c]" name="testHeaderNavigation" class="com.Bstackdemo.tests.TC005_HeaderNAvigation"/>
        <method signature="TC006_PurchaseFlow.purchaseSingleProduct()[pri:1, instance:com.Bstackdemo.tests.TC006_PurchaseFlow@797501a]" name="purchaseSingleProduct" class="com.Bstackdemo.tests.TC006_PurchaseFlow"/>
      </group> <!-- smoke -->
      <group name="cart">
        <method signature="TC002_AddtoCart.addtCartSingleProduct()[pri:1, instance:com.Bstackdemo.tests.TC002_AddtoCart@726386ed]" name="addtCartSingleProduct" class="com.Bstackdemo.tests.TC002_AddtoCart"/>
        <method signature="TC002_AddtoCart.addtCartMultipleProduct()[pri:2, instance:com.Bstackdemo.tests.TC002_AddtoCart@726386ed]" name="addtCartMultipleProduct" class="com.Bstackdemo.tests.TC002_AddtoCart"/>
        <method signature="TC002_AddtoCart.removeProductCart()[pri:3, instance:com.Bstackdemo.tests.TC002_AddtoCart@726386ed]" name="removeProductCart" class="com.Bstackdemo.tests.TC002_AddtoCart"/>
      </group> <!-- cart -->
    </groups>
    <test started-at="2025-12-18T17:53:09 IST" name="AllTests" finished-at="2025-12-18T17:53:52 IST" duration-ms="43073">
      <class name="com.Bstackdemo.tests.TC006_PurchaseFlow">
        <test-method is-config="true" signature="setUp()[pri:0, instance:com.Bstackdemo.tests.TC006_PurchaseFlow@797501a]" started-at="2025-12-18T17:53:09 IST" name="setUp" finished-at="2025-12-18T17:53:28 IST" duration-ms="19332" status="PASS">
          <reporter-output>
          </reporter-output>
        </test-method> <!-- setUp -->
        <test-method signature="purchaseSingleProduct()[pri:1, instance:com.Bstackdemo.tests.TC006_PurchaseFlow@797501a]" started-at="2025-12-18T17:53:28 IST" name="purchaseSingleProduct" description="Purchase a single product successfully" finished-at="2025-12-18T17:53:35 IST" duration-ms="7334" status="PASS">
          <reporter-output>
          </reporter-output>
        </test-method> <!-- purchaseSingleProduct -->
        <test-method signature="purchaseMultipleProducts()[pri:2, instance:com.Bstackdemo.tests.TC006_PurchaseFlow@797501a]" started-at="2025-12-18T17:53:36 IST" name="purchaseMultipleProducts" description="Purchase multiple products successfully" finished-at="2025-12-18T17:53:40 IST" duration-ms="4259" status="PASS">
          <reporter-output>
          </reporter-output>
        </test-method> <!-- purchaseMultipleProducts -->
        <test-method signature="purchaseAfterFilter()[pri:3, instance:com.Bstackdemo.tests.TC006_PurchaseFlow@797501a]" started-at="2025-12-18T17:53:40 IST" name="purchaseAfterFilter" description="Purchase product after applying brand filter" finished-at="2025-12-18T17:53:44 IST" duration-ms="3859" status="PASS">
          <reporter-output>
          </reporter-output>
        </test-method> <!-- purchaseAfterFilter -->
        <test-method signature="purchaseFromFavorites()[pri:4, instance:com.Bstackdemo.tests.TC006_PurchaseFlow@797501a]" started-at="2025-12-18T17:53:44 IST" name="purchaseFromFavorites" description="Purchase product from favourites" finished-at="2025-12-18T17:53:48 IST" duration-ms="4319" status="PASS">
          <reporter-output>
          </reporter-output>
        </test-method> <!-- purchaseFromFavorites -->
        <test-method signature="searchAndOrderProduct()[pri:5, instance:com.Bstackdemo.tests.TC006_PurchaseFlow@797501a]" started-at="2025-12-18T17:53:49 IST" name="searchAndOrderProduct" description="Search a product and complete purchase" finished-at="2025-12-18T17:53:51 IST" duration-ms="2615" status="PASS">
          <reporter-output>
          </reporter-output>
        </test-method> <!-- searchAndOrderProduct -->
        <test-method is-config="true" signature="tearDown()[pri:0, instance:com.Bstackdemo.tests.TC006_PurchaseFlow@797501a]" started-at="2025-12-18T17:53:51 IST" name="tearDown" finished-at="2025-12-18T17:53:52 IST" duration-ms="305" status="PASS">
          <reporter-output>
          </reporter-output>
        </test-method> <!-- tearDown -->
      </class> <!-- com.Bstackdemo.tests.TC006_PurchaseFlow -->
      <class name="com.Bstackdemo.tests.TC005_HeaderNAvigation">
        <test-method is-config="true" signature="setUp()[pri:0, instance:com.Bstackdemo.tests.TC005_HeaderNAvigation@69adf72c]" started-at="2025-12-18T17:53:23 IST" name="setUp" finished-at="2025-12-18T17:53:27 IST" duration-ms="4261" status="PASS">
          <reporter-output>
          </reporter-output>
        </test-method> <!-- setUp -->
        <test-method signature="testHeaderNavigation()[pri:1, instance:com.Bstackdemo.tests.TC005_HeaderNAvigation@69adf72c]" started-at="2025-12-18T17:53:27 IST" name="testHeaderNavigation" description="Verify header navigation links after login" finished-at="2025-12-18T17:53:42 IST" duration-ms="14982" status="PASS">
          <reporter-output>
          </reporter-output>
        </test-method> <!-- testHeaderNavigation -->
        <test-method is-config="true" signature="tearDown()[pri:0, instance:com.Bstackdemo.tests.TC005_HeaderNAvigation@69adf72c]" started-at="2025-12-18T17:53:42 IST" name="tearDown" finished-at="2025-12-18T17:53:43 IST" duration-ms="854" status="PASS">
          <reporter-output>
          </reporter-output>
        </test-method> <!-- tearDown -->
      </class> <!-- com.Bstackdemo.tests.TC005_HeaderNAvigation -->
      <class name="com.Bstackdemo.tests.TC0001LoginTests">
        <test-method is-config="true" signature="setUp()[pri:0, instance:com.Bstackdemo.tests.TC0001LoginTests@408b35bf]" started-at="2025-12-18T17:53:09 IST" name="setUp" finished-at="2025-12-18T17:53:20 IST" duration-ms="11246" status="PASS">
          <reporter-output>
          </reporter-output>
        </test-method> <!-- setUp -->
        <test-method signature="login_with_valid_credentials()[pri:1, instance:com.Bstackdemo.tests.TC0001LoginTests@408b35bf]" started-at="2025-12-18T17:53:20 IST" name="login_with_valid_credentials" description="Verify user can login with valid credentials" finished-at="2025-12-18T17:53:22 IST" duration-ms="2443" status="PASS">
          <reporter-output>
          </reporter-output>
        </test-method> <!-- login_with_valid_credentials -->
        <test-method signature="logoutFunctionality()[pri:2, instance:com.Bstackdemo.tests.TC0001LoginTests@408b35bf]" started-at="2025-12-18T17:53:29 IST" name="logoutFunctionality" description="Verify user can logout successfully" finished-at="2025-12-18T17:53:30 IST" depends-on-methods="com.Bstackdemo.tests.TC0001LoginTests.login_with_valid_credentials" duration-ms="1259" status="PASS">
          <reporter-output>
          </reporter-output>
        </test-method> <!-- logoutFunctionality -->
        <test-method signature="accesswithoutLogin()[pri:3, instance:com.Bstackdemo.tests.TC0001LoginTests@408b35bf]" started-at="2025-12-18T17:53:31 IST" name="accesswithoutLogin" description="Verify restricted pages cannot be accessed without login" finished-at="2025-12-18T17:53:32 IST" depends-on-methods="com.Bstackdemo.tests.TC0001LoginTests.login_with_valid_credentials" duration-ms="864" status="PASS">
          <reporter-output>
          </reporter-output>
        </test-method> <!-- accesswithoutLogin -->
        <test-method is-config="true" signature="tearDown()[pri:0, instance:com.Bstackdemo.tests.TC0001LoginTests@408b35bf]" started-at="2025-12-18T17:53:32 IST" name="tearDown" finished-at="2025-12-18T17:53:34 IST" duration-ms="2089" status="PASS">
          <reporter-output>
          </reporter-output>
        </test-method> <!-- tearDown -->
      </class> <!-- com.Bstackdemo.tests.TC0001LoginTests -->
      <class name="com.Bstackdemo.tests.TC004_BrandFilter">
        <test-method is-config="true" signature="setUp()[pri:0, instance:com.Bstackdemo.tests.TC004_BrandFilter@14bb2297]" started-at="2025-12-18T17:53:09 IST" name="setUp" finished-at="2025-12-18T17:53:20 IST" duration-ms="11022" status="PASS">
          <reporter-output>
          </reporter-output>
        </test-method> <!-- setUp -->
        <test-method signature="selectsingleBrand()[pri:1, instance:com.Bstackdemo.tests.TC004_BrandFilter@14bb2297]" started-at="2025-12-18T17:53:20 IST" name="selectsingleBrand" description="Filter products by a single brand" finished-at="2025-12-18T17:53:23 IST" duration-ms="3115" status="PASS">
          <reporter-output>
          </reporter-output>
        </test-method> <!-- selectsingleBrand -->
        <test-method signature="selectmultipleBrand()[pri:3, instance:com.Bstackdemo.tests.TC004_BrandFilter@14bb2297]" started-at="2025-12-18T17:53:23 IST" name="selectmultipleBrand" description="Filter products using multiple brands" finished-at="2025-12-18T17:53:29 IST" duration-ms="5473" status="PASS">
          <reporter-output>
          </reporter-output>
        </test-method> <!-- selectmultipleBrand -->
        <test-method signature="unselectsingleBrand()[pri:2, instance:com.Bstackdemo.tests.TC004_BrandFilter@14bb2297]" started-at="2025-12-18T17:53:29 IST" name="unselectsingleBrand" description="Unselect applied brand filter" finished-at="2025-12-18T17:53:31 IST" depends-on-methods="com.Bstackdemo.tests.TC004_BrandFilter.selectsingleBrand" duration-ms="2234" status="PASS">
          <reporter-output>
          </reporter-output>
        </test-method> <!-- unselectsingleBrand -->
        <test-method is-config="true" signature="tearDown()[pri:0, instance:com.Bstackdemo.tests.TC004_BrandFilter@14bb2297]" started-at="2025-12-18T17:53:32 IST" name="tearDown" finished-at="2025-12-18T17:53:34 IST" duration-ms="2295" status="PASS">
          <reporter-output>
          </reporter-output>
        </test-method> <!-- tearDown -->
      </class> <!-- com.Bstackdemo.tests.TC004_BrandFilter -->
      <class name="com.Bstackdemo.tests.TC003_FavouritesTest">
        <test-method is-config="true" signature="setUp()[pri:0, instance:com.Bstackdemo.tests.TC003_FavouritesTest@649f2009]" started-at="2025-12-18T17:53:09 IST" name="setUp" finished-at="2025-12-18T17:53:21 IST" duration-ms="12729" status="PASS">
          <reporter-output>
          </reporter-output>
        </test-method> <!-- setUp -->
        <test-method signature="addproductToFav()[pri:1, instance:com.Bstackdemo.tests.TC003_FavouritesTest@649f2009]" started-at="2025-12-18T17:53:21 IST" name="addproductToFav" description="Add multiple products to favourites" finished-at="2025-12-18T17:53:29 IST" duration-ms="7467" status="PASS">
          <reporter-output>
          </reporter-output>
        </test-method> <!-- addproductToFav -->
        <test-method signature="verifyFavouriteProductDisplayed()[pri:2, instance:com.Bstackdemo.tests.TC003_FavouritesTest@649f2009]" started-at="2025-12-18T17:53:34 IST" name="verifyFavouriteProductDisplayed" description="Verify favourite products are displayed" finished-at="2025-12-18T17:53:35 IST" depends-on-methods="com.Bstackdemo.tests.TC003_FavouritesTest.addproductToFav" duration-ms="701" status="PASS">
          <reporter-output>
          </reporter-output>
        </test-method> <!-- verifyFavouriteProductDisplayed -->
        <test-method signature="removefavfromPage()[pri:3, instance:com.Bstackdemo.tests.TC003_FavouritesTest@649f2009]" started-at="2025-12-18T17:53:35 IST" name="removefavfromPage" description="Remove product from favourites" finished-at="2025-12-18T17:53:45 IST" depends-on-methods="com.Bstackdemo.tests.TC003_FavouritesTest.verifyFavouriteProductDisplayed" duration-ms="10347" status="PASS">
          <reporter-output>
          </reporter-output>
        </test-method> <!-- removefavfromPage -->
        <test-method is-config="true" signature="tearDown()[pri:0, instance:com.Bstackdemo.tests.TC003_FavouritesTest@649f2009]" started-at="2025-12-18T17:53:45 IST" name="tearDown" finished-at="2025-12-18T17:53:46 IST" duration-ms="292" status="PASS">
          <reporter-output>
          </reporter-output>
        </test-method> <!-- tearDown -->
      </class> <!-- com.Bstackdemo.tests.TC003_FavouritesTest -->
      <class name="com.Bstackdemo.tests.TC002_AddtoCart">
        <test-method is-config="true" signature="setUp()[pri:0, instance:com.Bstackdemo.tests.TC002_AddtoCart@726386ed]" started-at="2025-12-18T17:53:09 IST" name="setUp" finished-at="2025-12-18T17:53:16 IST" duration-ms="7512" status="PASS">
          <reporter-output>
          </reporter-output>
        </test-method> <!-- setUp -->
        <test-method signature="addtCartSingleProduct()[pri:1, instance:com.Bstackdemo.tests.TC002_AddtoCart@726386ed]" started-at="2025-12-18T17:53:16 IST" name="addtCartSingleProduct" description="Add single product to cart after login" finished-at="2025-12-18T17:53:30 IST" duration-ms="13863" status="PASS">
          <reporter-output>
          </reporter-output>
        </test-method> <!-- addtCartSingleProduct -->
        <test-method signature="addtCartMultipleProduct()[pri:2, instance:com.Bstackdemo.tests.TC002_AddtoCart@726386ed]" started-at="2025-12-18T17:53:30 IST" name="addtCartMultipleProduct" description="Add multiple products to cart" finished-at="2025-12-18T17:53:33 IST" depends-on-methods="com.Bstackdemo.tests.TC002_AddtoCart.addtCartSingleProduct" duration-ms="2830" status="PASS">
          <reporter-output>
          </reporter-output>
        </test-method> <!-- addtCartMultipleProduct -->
        <test-method signature="removeProductCart()[pri:3, instance:com.Bstackdemo.tests.TC002_AddtoCart@726386ed]" started-at="2025-12-18T17:53:34 IST" name="removeProductCart" description="Remove products from cart" finished-at="2025-12-18T17:53:37 IST" depends-on-methods="com.Bstackdemo.tests.TC002_AddtoCart.addtCartMultipleProduct" duration-ms="2940" status="PASS">
          <reporter-output>
          </reporter-output>
        </test-method> <!-- removeProductCart -->
        <test-method is-config="true" signature="tearDown()[pri:0, instance:com.Bstackdemo.tests.TC002_AddtoCart@726386ed]" started-at="2025-12-18T17:53:37 IST" name="tearDown" finished-at="2025-12-18T17:53:39 IST" duration-ms="1442" status="PASS">
          <reporter-output>
          </reporter-output>
        </test-method> <!-- tearDown -->
      </class> <!-- com.Bstackdemo.tests.TC002_AddtoCart -->
    </test> <!-- AllTests -->
  </suite> <!-- BstackDemoSuite -->
</testng-results>
