<?xml version="1.0" encoding="UTF-8"?>
<!-- Generated by org.testng.reporters.JUnitReportReporter -->
<testsuite hostname="MonikaYuvaraj" failures="0" tests="3" name="com.Bstackdemo.tests.TC0001LoginTests" time="4.566" errors="0" timestamp="2025-12-18T17:53:52 IST" skipped="0">
  <testcase classname="com.Bstackdemo.tests.TC0001LoginTests" name="login_with_valid_credentials" time="2.443"/>
  <testcase classname="com.Bstackdemo.tests.TC0001LoginTests" name="logoutFunctionality" time="1.259"/>
  <testcase classname="com.Bstackdemo.tests.TC0001LoginTests" name="accesswithoutLogin" time="0.864"/>
</testsuite> <!-- com.Bstackdemo.tests.TC0001LoginTests -->
