<?xml version="1.0" encoding="UTF-8"?>
<!-- Generated by org.testng.reporters.JUnitXMLReporter -->
<testsuite ignored="0" hostname="MonikaYuvaraj" failures="1" tests="3" name="Add to Cart Tests" time="0.022" errors="0" timestamp="2025-12-18T11:41:52 IST">
  <testcase classname="com.Bstackdemo.tests.TC002_AddtoCart" name="addtCartSingleProduct" time="0.003">
    <failure type="java.lang.NullPointerException" message="Cannot invoke &amp;quot;com.Bstackdemo.pages.HomePage.clickSignIn()&amp;quot; because &amp;quot;this.homePage&amp;quot; is null">
      <![CDATA[java.lang.NullPointerException: Cannot invoke "com.Bstackdemo.pages.HomePage.clickSignIn()" because "this.homePage" is null
at com.Bstackdemo.tests.TC002_AddtoCart.addtCartSingleProduct(TC002_AddtoCart.java:34)
at java.base/java.util.ArrayList.forEach(ArrayList.java:1596)
... Removed 25 stack frames]]>
    </failure>
  </testcase> <!-- addtCartSingleProduct -->
  <testcase classname="com.Bstackdemo.tests.TC002_AddtoCart" name="addtCartMultipleProduct" time="0.0">
    <skipped/>
  </testcase> <!-- addtCartMultipleProduct -->
  <testcase classname="com.Bstackdemo.tests.TC002_AddtoCart" name="removeProductCart" time="0.0">
    <skipped/>
  </testcase> <!-- removeProductCart -->
</testsuite> <!-- Add to Cart Tests -->
