<?xml version="1.0" encoding="UTF-8"?>
<!-- Generated by org.testng.reporters.JUnitXMLReporter -->
<testsuite ignored="0" hostname="MonikaYuvaraj" failures="2" tests="3" name="Brand Filter Tests" time="0.014" errors="0" timestamp="2025-12-18T11:41:52 IST">
  <testcase classname="com.Bstackdemo.tests.TC004_BrandFilter" name="selectsingleBrand" time="0.001">
    <failure type="java.lang.NullPointerException" message="Cannot invoke &amp;quot;com.Bstackdemo.pages.HomePage.clickSignIn()&amp;quot; because &amp;quot;this.homePage&amp;quot; is null">
      <![CDATA[java.lang.NullPointerException: Cannot invoke "com.Bstackdemo.pages.HomePage.clickSignIn()" because "this.homePage" is null
at com.Bstackdemo.tests.TC004_BrandFilter.selectsingleBrand(TC004_BrandFilter.java:38)
at java.base/java.util.ArrayList.forEach(ArrayList.java:1596)
... Removed 25 stack frames]]>
    </failure>
  </testcase> <!-- selectsingleBrand -->
  <testcase classname="com.Bstackdemo.tests.TC004_BrandFilter" name="unselectsingleBrand" time="0.0">
    <skipped/>
  </testcase> <!-- unselectsingleBrand -->
  <testcase classname="com.Bstackdemo.tests.TC004_BrandFilter" name="selectmultipleBrand" time="0.002">
    <failure type="java.lang.NullPointerException" message="Cannot invoke &amp;quot;com.Bstackdemo.pages.HomePage.toggleBrand(String)&amp;quot; because &amp;quot;this.homePage&amp;quot; is null">
      <![CDATA[java.lang.NullPointerException: Cannot invoke "com.Bstackdemo.pages.HomePage.toggleBrand(String)" because "this.homePage" is null
at com.Bstackdemo.tests.TC004_BrandFilter.selectmultipleBrand(TC004_BrandFilter.java:69)
at java.base/java.util.ArrayList.forEach(ArrayList.java:1596)
... Removed 25 stack frames]]>
    </failure>
  </testcase> <!-- selectmultipleBrand -->
</testsuite> <!-- Brand Filter Tests -->
