<?xml version="1.0" encoding="UTF-8"?>
<!-- Generated by org.testng.reporters.JUnitXMLReporter -->
<testsuite ignored="0" hostname="MonikaYuvaraj" failures="1" tests="3" name="Favourites Tests" time="0.018" errors="0" timestamp="2025-12-18T11:41:52 IST">
  <testcase classname="com.Bstackdemo.tests.TC003_FavouritesTest" name="addproductToFav" time="0.002">
    <failure type="java.lang.NullPointerException" message="Cannot invoke &amp;quot;com.Bstackdemo.pages.HomePage.clickSignIn()&amp;quot; because &amp;quot;this.homePage&amp;quot; is null">
      <![CDATA[java.lang.NullPointerException: Cannot invoke "com.Bstackdemo.pages.HomePage.clickSignIn()" because "this.homePage" is null
at com.Bstackdemo.tests.TC003_FavouritesTest.addproductToFav(TC003_FavouritesTest.java:40)
at java.base/java.util.ArrayList.forEach(ArrayList.java:1596)
... Removed 25 stack frames]]>
    </failure>
  </testcase> <!-- addproductToFav -->
  <testcase classname="com.Bstackdemo.tests.TC003_FavouritesTest" name="verifyFavouriteProductDisplayed" time="0.0">
    <skipped/>
  </testcase> <!-- verifyFavouriteProductDisplayed -->
  <testcase classname="com.Bstackdemo.tests.TC003_FavouritesTest" name="removefavfromPage" time="0.0">
    <skipped/>
  </testcase> <!-- removefavfromPage -->
</testsuite> <!-- Favourites Tests -->
