<?xml version="1.0" encoding="UTF-8"?>
<!-- Generated by org.testng.reporters.JUnitXMLReporter -->
<testsuite ignored="0" hostname="MonikaYuvaraj" failures="1" tests="1" name="Header Navigation Tests" time="0.005" errors="0" timestamp="2025-12-18T11:41:52 IST">
  <testcase classname="com.Bstackdemo.tests.TC005_HeaderNAvigation" name="testHeaderNavigation" time="0.001">
    <failure type="java.lang.NullPointerException" message="Cannot invoke &amp;quot;com.Bstackdemo.pages.HomePage.clickSignIn()&amp;quot; because &amp;quot;this.homePage&amp;quot; is null">
      <![CDATA[java.lang.NullPointerException: Cannot invoke "com.Bstackdemo.pages.HomePage.clickSignIn()" because "this.homePage" is null
at com.Bstackdemo.tests.TC005_HeaderNAvigation.testHeaderNavigation(TC005_HeaderNAvigation.java:41)
at java.base/java.util.ArrayList.forEach(ArrayList.java:1596)
... Removed 25 stack frames]]>
    </failure>
  </testcase> <!-- testHeaderNavigation -->
</testsuite> <!-- Header Navigation Tests -->
