<?xml version="1.0" encoding="UTF-8"?>
<!-- Generated by org.testng.reporters.JUnitXMLReporter -->
<testsuite ignored="0" hostname="MonikaYuvaraj" failures="1" tests="3" name="Login Tests" time="0.095" errors="0" timestamp="2025-12-18T11:41:52 IST">
  <testcase classname="com.Bstackdemo.tests.TC0001LoginTests" name="login_with_valid_credentials" time="0.019">
    <failure type="java.lang.NullPointerException" message="Cannot invoke &amp;quot;com.Bstackdemo.pages.HomePage.clickSignIn()&amp;quot; because &amp;quot;this.homePage&amp;quot; is null">
      <![CDATA[java.lang.NullPointerException: Cannot invoke "com.Bstackdemo.pages.HomePage.clickSignIn()" because "this.homePage" is null
at com.Bstackdemo.tests.TC0001LoginTests.login_with_valid_credentials(TC0001LoginTests.java:35)
at java.base/java.util.ArrayList.forEach(ArrayList.java:1596)
... Removed 25 stack frames]]>
    </failure>
  </testcase> <!-- login_with_valid_credentials -->
  <testcase classname="com.Bstackdemo.tests.TC0001LoginTests" name="logoutFunctionality" time="0.0">
    <skipped/>
  </testcase> <!-- logoutFunctionality -->
  <testcase classname="com.Bstackdemo.tests.TC0001LoginTests" name="accesswithoutLogin" time="0.0">
    <skipped/>
  </testcase> <!-- accesswithoutLogin -->
</testsuite> <!-- Login Tests -->
