<?xml version="1.0" encoding="UTF-8"?>
<!-- Generated by org.testng.reporters.JUnitXMLReporter -->
<testsuite ignored="0" hostname="MonikaYuvaraj" failures="5" tests="5" name="Purchase Flow Tests" time="0.03" errors="0" timestamp="2025-12-18T11:41:52 IST">
  <testcase classname="com.Bstackdemo.tests.TC006_PurchaseFlow" name="purchaseSingleProduct" time="0.002">
    <failure type="java.lang.NullPointerException" message="Cannot invoke &amp;quot;com.Bstackdemo.pages.HomePage.addToCartAnyPhone(String)&amp;quot; because &amp;quot;this.homePage&amp;quot; is null">
      <![CDATA[java.lang.NullPointerException: Cannot invoke "com.Bstackdemo.pages.HomePage.addToCartAnyPhone(String)" because "this.homePage" is null
at com.Bstackdemo.tests.TC006_PurchaseFlow.purchaseSingleProduct(TC006_PurchaseFlow.java:51)
at java.base/java.util.ArrayList.forEach(ArrayList.java:1596)
... Removed 25 stack frames]]>
    </failure>
  </testcase> <!-- purchaseSingleProduct -->
  <testcase classname="com.Bstackdemo.tests.TC006_PurchaseFlow" name="purchaseMultipleProducts" time="0.003">
    <failure type="java.lang.NullPointerException" message="Cannot invoke &amp;quot;com.Bstackdemo.pages.OrderConformationPage.clickContinueBtn()&amp;quot; because &amp;quot;this.orderconPage&amp;quot; is null">
      <![CDATA[java.lang.NullPointerException: Cannot invoke "com.Bstackdemo.pages.OrderConformationPage.clickContinueBtn()" because "this.orderconPage" is null
at com.Bstackdemo.tests.TC006_PurchaseFlow.purchaseMultipleProducts(TC006_PurchaseFlow.java:71)
at java.base/java.util.ArrayList.forEach(ArrayList.java:1596)
... Removed 25 stack frames]]>
    </failure>
  </testcase> <!-- purchaseMultipleProducts -->
  <testcase classname="com.Bstackdemo.tests.TC006_PurchaseFlow" name="purchaseAfterFilter" time="0.002">
    <failure type="java.lang.NullPointerException" message="Cannot invoke &amp;quot;com.Bstackdemo.pages.OrderConformationPage.clickContinueBtn()&amp;quot; because &amp;quot;this.orderconPage&amp;quot; is null">
      <![CDATA[java.lang.NullPointerException: Cannot invoke "com.Bstackdemo.pages.OrderConformationPage.clickContinueBtn()" because "this.orderconPage" is null
at com.Bstackdemo.tests.TC006_PurchaseFlow.purchaseAfterFilter(TC006_PurchaseFlow.java:95)
at java.base/java.util.ArrayList.forEach(ArrayList.java:1596)
... Removed 25 stack frames]]>
    </failure>
  </testcase> <!-- purchaseAfterFilter -->
  <testcase classname="com.Bstackdemo.tests.TC006_PurchaseFlow" name="purchaseFromFavorites" time="0.004">
    <failure type="java.lang.NullPointerException" message="Cannot invoke &amp;quot;com.Bstackdemo.pages.OrderConformationPage.waitForConfirmPage()&amp;quot; because &amp;quot;this.orderconPage&amp;quot; is null">
      <![CDATA[java.lang.NullPointerException: Cannot invoke "com.Bstackdemo.pages.OrderConformationPage.waitForConfirmPage()" because "this.orderconPage" is null
at com.Bstackdemo.tests.TC006_PurchaseFlow.purchaseFromFavorites(TC006_PurchaseFlow.java:120)
at java.base/java.util.ArrayList.forEach(ArrayList.java:1596)
... Removed 25 stack frames]]>
    </failure>
  </testcase> <!-- purchaseFromFavorites -->
  <testcase classname="com.Bstackdemo.tests.TC006_PurchaseFlow" name="searchAndOrderProduct" time="0.002">
    <failure type="java.lang.NullPointerException" message="Cannot invoke &amp;quot;com.Bstackdemo.pages.OrderConformationPage.clickContinueBtn()&amp;quot; because &amp;quot;this.orderconPage&amp;quot; is null">
      <![CDATA[java.lang.NullPointerException: Cannot invoke "com.Bstackdemo.pages.OrderConformationPage.clickContinueBtn()" because "this.orderconPage" is null
at com.Bstackdemo.tests.TC006_PurchaseFlow.searchAndOrderProduct(TC006_PurchaseFlow.java:157)
at java.base/java.util.ArrayList.forEach(ArrayList.java:1596)
... Removed 25 stack frames]]>
    </failure>
  </testcase> <!-- searchAndOrderProduct -->
</testsuite> <!-- Purchase Flow Tests -->
