<?xml version="1.0" encoding="UTF-8"?>
<!-- Generated by org.testng.reporters.JUnitReportReporter -->
<testsuite hostname="MonikaYuvaraj" failures="0" tests="5" name="com.Bstackdemo.tests.TC006_PurchaseFlow" time="25.270" errors="0" timestamp="2025-12-18T17:55:05 IST" skipped="0">
  <testcase classname="com.Bstackdemo.tests.TC006_PurchaseFlow" name="purchaseSingleProduct" time="6.872"/>
  <testcase classname="com.Bstackdemo.tests.TC006_PurchaseFlow" name="purchaseMultipleProducts" time="6.531"/>
  <testcase classname="com.Bstackdemo.tests.TC006_PurchaseFlow" name="purchaseAfterFilter" time="5.373"/>
  <testcase classname="com.Bstackdemo.tests.TC006_PurchaseFlow" name="purchaseFromFavorites" time="3.751"/>
  <testcase classname="com.Bstackdemo.tests.TC006_PurchaseFlow" name="searchAndOrderProduct" time="2.743"/>
</testsuite> <!-- com.Bstackdemo.tests.TC006_PurchaseFlow -->
