<?xml version="1.0" encoding="UTF-8"?>
<!-- Generated by org.testng.reporters.JUnitReportReporter -->
<testsuite hostname="MonikaYuvaraj" failures="0" tests="3" name="com.Bstackdemo.tests.TC004_BrandFilter" time="20.159" errors="0" timestamp="2025-12-18T17:55:05 IST" skipped="0">
  <testcase classname="com.Bstackdemo.tests.TC004_BrandFilter" name="selectsingleBrand" time="10.585"/>
  <testcase classname="com.Bstackdemo.tests.TC004_BrandFilter" name="unselectsingleBrand" time="1.513"/>
  <testcase classname="com.Bstackdemo.tests.TC004_BrandFilter" name="selectmultipleBrand" time="8.061"/>
</testsuite> <!-- com.Bstackdemo.tests.TC004_BrandFilter -->
