<?xml version="1.0" encoding="UTF-8"?>
<!-- Generated by org.testng.reporters.JUnitReportReporter -->
<testsuite hostname="MonikaYuvaraj" failures="0" tests="3" name="com.Bstackdemo.tests.TC0001LoginTests" time="7.205" errors="0" timestamp="2025-12-18T16:54:49 IST" skipped="0">
  <testcase classname="com.Bstackdemo.tests.TC0001LoginTests" name="login_with_valid_credentials" time="3.074"/>
  <testcase classname="com.Bstackdemo.tests.TC0001LoginTests" name="logoutFunctionality" time="1.536"/>
  <testcase classname="com.Bstackdemo.tests.TC0001LoginTests" name="accesswithoutLogin" time="2.595"/>
</testsuite> <!-- com.Bstackdemo.tests.TC0001LoginTests -->
