<?xml version="1.0" encoding="UTF-8"?>
<!-- Generated by org.testng.reporters.JUnitReportReporter -->
<testsuite hostname="MonikaYuvaraj" failures="0" tests="5" name="com.Bstackdemo.tests.TC006_PurchaseFlow" time="22.613" errors="0" timestamp="2025-12-18T16:54:49 IST" skipped="0">
  <testcase classname="com.Bstackdemo.tests.TC006_PurchaseFlow" name="purchaseSingleProduct" time="8.261"/>
  <testcase classname="com.Bstackdemo.tests.TC006_PurchaseFlow" name="purchaseMultipleProducts" time="3.482"/>
  <testcase classname="com.Bstackdemo.tests.TC006_PurchaseFlow" name="purchaseAfterFilter" time="3.847"/>
  <testcase classname="com.Bstackdemo.tests.TC006_PurchaseFlow" name="purchaseFromFavorites" time="3.569"/>
  <testcase classname="com.Bstackdemo.tests.TC006_PurchaseFlow" name="searchAndOrderProduct" time="3.454"/>
</testsuite> <!-- com.Bstackdemo.tests.TC006_PurchaseFlow -->
