<?xml version="1.0" encoding="UTF-8"?>
<!-- Generated by org.testng.reporters.JUnitReportReporter -->
<testsuite hostname="MonikaYuvaraj" failures="0" tests="3" name="com.Bstackdemo.tests.TC002_AddtoCart" time="19.503" errors="0" timestamp="2025-12-18T16:54:49 IST" skipped="0">
  <testcase classname="com.Bstackdemo.tests.TC002_AddtoCart" name="addtCartSingleProduct" time="11.916"/>
  <testcase classname="com.Bstackdemo.tests.TC002_AddtoCart" name="addtCartMultipleProduct" time="5.565"/>
  <testcase classname="com.Bstackdemo.tests.TC002_AddtoCart" name="removeProductCart" time="2.022"/>
</testsuite> <!-- com.Bstackdemo.tests.TC002_AddtoCart -->
