<?xml version="1.0" encoding="UTF-8"?>
<!-- Generated by org.testng.reporters.JUnitReportReporter -->
<testsuite hostname="MonikaYuvaraj" failures="0" tests="3" name="com.Bstackdemo.tests.TC003_FavouritesTest" time="27.884" errors="0" timestamp="2025-12-18T17:55:05 IST" skipped="0">
  <testcase classname="com.Bstackdemo.tests.TC003_FavouritesTest" name="addproductToFav" time="15.095"/>
  <testcase classname="com.Bstackdemo.tests.TC003_FavouritesTest" name="verifyFavouriteProductDisplayed" time="1.740"/>
  <testcase classname="com.Bstackdemo.tests.TC003_FavouritesTest" name="removefavfromPage" time="11.049"/>
</testsuite> <!-- com.Bstackdemo.tests.TC003_FavouritesTest -->
