<?xml version="1.0" encoding="UTF-8"?>
<!-- Generated by org.testng.reporters.JUnitReportReporter -->
<testsuite hostname="MonikaYuvaraj" failures="0" tests="3" name="com.Bstackdemo.tests.TC003_FavouritesTest" time="17.864" errors="0" timestamp="2025-12-18T16:54:49 IST" skipped="0">
  <testcase classname="com.Bstackdemo.tests.TC003_FavouritesTest" name="addproductToFav" time="6.858"/>
  <testcase classname="com.Bstackdemo.tests.TC003_FavouritesTest" name="verifyFavouriteProductDisplayed" time="0.651"/>
  <testcase classname="com.Bstackdemo.tests.TC003_FavouritesTest" name="removefavfromPage" time="10.355"/>
</testsuite> <!-- com.Bstackdemo.tests.TC003_FavouritesTest -->
